<?xml version="1.0" encoding="UTF-8"?>
<testsuite xmlns:xsi="http://www.w3.org/2001/XMLSchema-instance" xsi:noNamespaceSchemaLocation="https://maven.apache.org/surefire/maven-failsafe-plugin/xsd/failsafe-test-report.xsd" name="edu.pdx.cs410J.gharini.Project1IT" time="0.434" tests="21" errors="0" skipped="0" failures="0">
  <properties>
    <property name="gopherProxySet" value="false"/>
    <property name="awt.toolkit" value="sun.lwawt.macosx.LWCToolkit"/>
    <property name="java.specification.version" value="10"/>
    <property name="file.encoding.pkg" value="sun.io"/>
    <property name="sun.cpu.isalist" value=""/>
    <property name="sun.jnu.encoding" value="UTF-8"/>
    <property name="java.class.path" value="/Users/harinirahul/PSUJava2018/phonebill/target/it-classes:/Users/harinirahul/PSUJava2018/phonebill/target/phonebill-1.0-SNAPSHOT.jar:/Users/harinirahul/.m2/repository/junit/junit/4.12/junit-4.12.jar:/Users/harinirahul/.m2/repository/org/hamcrest/hamcrest-core/1.3/hamcrest-core-1.3.jar:/Users/harinirahul/.m2/repository/edu/pdx/cs410J/projects/Summer2018/projects-Summer2018.jar:/Users/harinirahul/.m2/repository/edu/pdx/cs410J/projects/Summer2018/projects-Summer2018-tests.jar:/Users/harinirahul/PSUJava2018/phonebill/target/test-classes:"/>
    <property name="java.vm.vendor" value="&quot;Oracle Corporation&quot;"/>
    <property name="sun.arch.data.model" value="64"/>
    <property name="java.vendor.url" value="http://java.oracle.com/"/>
    <property name="user.timezone" value=""/>
    <property name="java.vm.specification.version" value="10"/>
    <property name="os.name" value="Mac OS X"/>
    <property name="sun.java.launcher" value="SUN_STANDARD"/>
    <property name="user.country" value="US"/>
    <property name="sun.boot.library.path" value="/Library/Java/JavaVirtualMachines/jdk-10.0.1.jdk/Contents/Home/lib"/>
    <property name="sun.java.command" value="/Users/harinirahul/PSUJava2018/phonebill/target/surefire/surefirebooter8464317068567244814.jar /Users/harinirahul/PSUJava2018/phonebill/target/surefire 2018-07-20T00-10-12_667-jvmRun1 surefire8567619186947087288tmp surefire_013403920192864503861tmp"/>
    <property name="http.nonProxyHosts" value="local|*.local|169.254/16|*.169.254/16"/>
    <property name="jdk.debug" value="release"/>
    <property name="http.port" value=""/>
    <property name="surefire.test.class.path" value="/Users/harinirahul/PSUJava2018/phonebill/target/it-classes:/Users/harinirahul/PSUJava2018/phonebill/target/phonebill-1.0-SNAPSHOT.jar:/Users/harinirahul/.m2/repository/junit/junit/4.12/junit-4.12.jar:/Users/harinirahul/.m2/repository/org/hamcrest/hamcrest-core/1.3/hamcrest-core-1.3.jar:/Users/harinirahul/.m2/repository/edu/pdx/cs410J/projects/Summer2018/projects-Summer2018.jar:/Users/harinirahul/.m2/repository/edu/pdx/cs410J/projects/Summer2018/projects-Summer2018-tests.jar:/Users/harinirahul/PSUJava2018/phonebill/target/test-classes:"/>
    <property name="sun.cpu.endian" value="little"/>
    <property name="user.home" value="/Users/harinirahul"/>
    <property name="user.language" value="en"/>
    <property name="java.specification.vendor" value="Oracle Corporation"/>
    <property name="java.version.date" value="2018-04-17"/>
    <property name="java.home" value="/Library/Java/JavaVirtualMachines/jdk-10.0.1.jdk/Contents/Home"/>
    <property name="file.separator" value="/"/>
    <property name="basedir" value="/Users/harinirahul/PSUJava2018/phonebill"/>
    <property name="java.vm.compressedOopsMode" value="Zero based"/>
    <property name="line.separator" value="&#10;"/>
    <property name="java.specification.name" value="Java Platform API Specification"/>
    <property name="java.vm.specification.vendor" value="Oracle Corporation"/>
    <property name="java.awt.graphicsenv" value="sun.awt.CGraphicsEnvironment"/>
    <property name="surefire.real.class.path" value="/Users/harinirahul/PSUJava2018/phonebill/target/surefire/surefirebooter8464317068567244814.jar"/>
    <property name="sun.management.compiler" value="HotSpot 64-Bit Tiered Compilers"/>
    <property name="ftp.nonProxyHosts" value="local|*.local|169.254/16|*.169.254/16"/>
    <property name="java.runtime.version" value="10.0.1+10"/>
    <property name="user.name" value="harinirahul"/>
    <property name="path.separator" value=":"/>
    <property name="os.version" value="10.13.3"/>
    <property name="java.runtime.name" value="Java(TM) SE Runtime Environment"/>
    <property name="file.encoding" value="UTF-8"/>
    <property name="java.vm.name" value="Java HotSpot(TM) 64-Bit Server VM"/>
    <property name="java.vendor.version" value="18.3"/>
    <property name="localRepository" value="/Users/harinirahul/.m2/repository"/>
    <property name="java.vendor.url.bug" value="http://bugreport.java.com/bugreport/"/>
    <property name="java.io.tmpdir" value="/var/folders/j9/7rm4jk9d5bzb1q_f0cddthsh0000gn/T/"/>
    <property name="java.version" value="10.0.1"/>
    <property name="user.dir" value="/Users/harinirahul/PSUJava2018/phonebill"/>
    <property name="os.arch" value="x86_64"/>
    <property name="java.vm.specification.name" value="Java Virtual Machine Specification"/>
    <property name="java.awt.printerjob" value="sun.lwawt.macosx.CPrinterJob"/>
    <property name="sun.os.patch.level" value="unknown"/>
    <property name="java.library.path" value="/Users/harinirahul/Library/Java/Extensions:/Library/Java/Extensions:/Network/Library/Java/Extensions:/System/Library/Java/Extensions:/usr/lib/java:."/>
    <property name="java.vendor" value="Oracle Corporation"/>
    <property name="java.vm.info" value="mixed mode"/>
    <property name="java.vm.version" value="10.0.1+10"/>
    <property name="sun.io.unicode.encoding" value="UnicodeBig"/>
    <property name="java.class.version" value="54.0"/>
    <property name="socksNonProxyHosts" value="local|*.local|169.254/16|*.169.254/16"/>
  </properties>
  <testcase name="testEndDateIsBeforeToday" classname="edu.pdx.cs410J.gharini.Project1IT" time="0.188"/>
  <testcase name="testAllOptionsAndArgumentsPrintsReadmeAndPhonecallDetails" classname="edu.pdx.cs410J.gharini.Project1IT" time="0.039"/>
  <testcase name="testProgramRunsWithoutOptions" classname="edu.pdx.cs410J.gharini.Project1IT" time="0.001"/>
  <testcase name="testStartDateISBeforeEndDate" classname="edu.pdx.cs410J.gharini.Project1IT" time="0.015"/>
  <testcase name="testValidPhoneNumberFormat1" classname="edu.pdx.cs410J.gharini.Project1IT" time="0.001"/>
  <testcase name="testValidPhoneNumberFormat2" classname="edu.pdx.cs410J.gharini.Project1IT" time="0"/>
  <testcase name="testValidPhoneNumberFormat3" classname="edu.pdx.cs410J.gharini.Project1IT" time="0.001"/>
  <testcase name="testFewCommandLineArgumentsMissing" classname="edu.pdx.cs410J.gharini.Project1IT" time="0.001"/>
  <testcase name="testNoCommandLineArguments" classname="edu.pdx.cs410J.gharini.Project1IT" time="0.002"/>
  <testcase name="testPrintOption" classname="edu.pdx.cs410J.gharini.Project1IT" time="0.031"/>
  <testcase name="testDashReadmeForCaseSensitive" classname="edu.pdx.cs410J.gharini.Project1IT" time="0.001"/>
  <testcase name="testCallerAndCalleeHasToBeDifferent" classname="edu.pdx.cs410J.gharini.Project1IT" time="0.001"/>
  <testcase name="testDashReadme" classname="edu.pdx.cs410J.gharini.Project1IT" time="0.001"/>
  <testcase name="testOptionsAreCaseSensitive" classname="edu.pdx.cs410J.gharini.Project1IT" time="0.001"/>
  <testcase name="testStartAndEndTimesCanBeEqual" classname="edu.pdx.cs410J.gharini.Project1IT" time="0.001"/>
  <testcase name="testArgumentFormat" classname="edu.pdx.cs410J.gharini.Project1IT" time="0.005"/>
  <testcase name="testValidDateFormat1" classname="edu.pdx.cs410J.gharini.Project1IT" time="0.001"/>
  <testcase name="testValidDateFormat2" classname="edu.pdx.cs410J.gharini.Project1IT" time="0.001"/>
  <testcase name="testStartAndEndTimeHave24HrFormat" classname="edu.pdx.cs410J.gharini.Project1IT" time="0.002"/>
  <testcase name="testValidTimeFormat" classname="edu.pdx.cs410J.gharini.Project1IT" time="0.002"/>
  <testcase name="testTooManyCommandLineArguments" classname="edu.pdx.cs410J.gharini.Project1IT" time="0"/>
</testsuite>